2025-12-10 21:52:08 INFO TalentoTech: Validando que el carrito contenga un producto
2025-12-10 21:52:12 INFO TalentoTech: Validando que el producto Sauce Labs Backpack este en el carrito de compras
2025-12-10 21:52:33 INFO TalentoTech: Validando que el producto Sauce Labs Bike Light este en el carrito de compras
2025-12-10 21:52:54 INFO TalentoTech: Validando que el producto Sauce Labs Bolt T-Shirt este en el carrito de compras
2025-12-10 21:53:14 INFO TalentoTech: Validando el titulo de la pagina y la presencia de productos en el inventario
2025-12-10 21:53:14 INFO TalentoTech: Validando que el carrito de compras esté vacío al iniciar sesión
2025-12-10 21:53:25 INFO TalentoTech: Validando que el carrito de compras tenga un producto después de agregar un ítem
2025-12-10 21:54:10 INFO TalentoTech: completando con los datos de usario
2025-12-10 21:54:10 INFO TalentoTech: Verificando que el login fue exitoso
2025-12-10 21:54:10 INFO TalentoTech: El login fue exitoso
2025-12-10 22:01:21 INFO TalentoTech: Validando que el carrito contenga un producto
2025-12-10 22:01:27 INFO TalentoTech: Validando que el producto Sauce Labs Backpack este en el carrito de compras
2025-12-10 22:01:47 INFO TalentoTech: Validando que el producto Sauce Labs Bike Light este en el carrito de compras
2025-12-10 22:02:08 INFO TalentoTech: Validando que el producto Sauce Labs Bolt T-Shirt este en el carrito de compras
2025-12-10 22:02:33 INFO TalentoTech: Validando el titulo de la pagina y la presencia de productos en el inventario
2025-12-10 22:02:33 INFO TalentoTech: Validando que el carrito de compras esté vacío al iniciar sesión
2025-12-10 22:02:43 INFO TalentoTech: Validando que el carrito de compras tenga un producto después de agregar un ítem
2025-12-10 22:03:29 INFO TalentoTech: completando con los datos de usario
2025-12-10 22:03:29 INFO TalentoTech: Verificando que el login fue exitoso
2025-12-10 22:03:29 INFO TalentoTech: El login fue exitoso
2025-12-10 22:44:51 INFO TalentoTech: Validando que el carrito contenga un producto
2025-12-10 22:44:56 INFO TalentoTech: Validando que el producto Sauce Labs Backpack este en el carrito de compras
2025-12-10 22:45:16 INFO TalentoTech: Validando que el producto Sauce Labs Bike Light este en el carrito de compras
2025-12-10 22:45:36 INFO TalentoTech: Validando que el producto Sauce Labs Bolt T-Shirt este en el carrito de compras
2025-12-10 22:45:57 INFO TalentoTech: Validando el titulo de la pagina y la presencia de productos en el inventario
2025-12-10 22:45:57 INFO TalentoTech: Validando que el carrito de compras esté vacío al iniciar sesión
2025-12-10 22:46:07 INFO TalentoTech: Validando que el carrito de compras tenga un producto después de agregar un ítem
2025-12-10 22:46:50 INFO TalentoTech: completando con los datos de usario
2025-12-10 22:46:50 INFO TalentoTech: Verificando que el login fue exitoso
2025-12-10 22:46:50 INFO TalentoTech: El login fue exitoso
2025-12-10 22:46:54 INFO TalentoTech: Validando que el carrito contenga un producto
2025-12-10 22:46:58 INFO TalentoTech: Validando que el producto Sauce Labs Backpack este en el carrito de compras
2025-12-10 22:47:18 INFO TalentoTech: Validando que el producto Sauce Labs Bike Light este en el carrito de compras
2025-12-10 22:47:39 INFO TalentoTech: Validando que el producto Sauce Labs Bolt T-Shirt este en el carrito de compras
2025-12-10 22:47:59 INFO TalentoTech: Validando el titulo de la pagina y la presencia de productos en el inventario
2025-12-10 22:47:59 INFO TalentoTech: Validando que el carrito de compras esté vacío al iniciar sesión
2025-12-10 22:48:09 INFO TalentoTech: Validando que el carrito de compras tenga un producto después de agregar un ítem
2025-12-10 23:43:12 INFO TalentoTech: Validando que el carrito contenga un producto
2025-12-10 23:43:16 INFO TalentoTech: Validando que el producto Sauce Labs Backpack este en el carrito de compras
2025-12-10 23:43:36 INFO TalentoTech: Validando que el producto Sauce Labs Bike Light este en el carrito de compras
2025-12-10 23:43:56 INFO TalentoTech: Validando que el producto Sauce Labs Bolt T-Shirt este en el carrito de compras
2025-12-10 23:44:16 INFO TalentoTech: Validando el titulo de la pagina y la presencia de productos en el inventario
2025-12-10 23:44:16 INFO TalentoTech: Validando que el carrito de compras esté vacío al iniciar sesión
2025-12-10 23:44:27 INFO TalentoTech: Validando que el carrito de compras tenga un producto después de agregar un ítem
2025-12-10 23:45:08 INFO TalentoTech: completando con los datos de usario
2025-12-10 23:45:08 INFO TalentoTech: Verificando que el login fue exitoso
2025-12-10 23:45:08 INFO TalentoTech: El login fue exitoso
2025-12-10 23:45:12 INFO TalentoTech: Validando que el carrito contenga un producto
2025-12-10 23:45:16 INFO TalentoTech: Validando que el producto Sauce Labs Backpack este en el carrito de compras
2025-12-10 23:45:36 INFO TalentoTech: Validando que el producto Sauce Labs Bike Light este en el carrito de compras
2025-12-10 23:45:57 INFO TalentoTech: Validando que el producto Sauce Labs Bolt T-Shirt este en el carrito de compras
2025-12-10 23:46:17 INFO TalentoTech: Validando el titulo de la pagina y la presencia de productos en el inventario
2025-12-10 23:46:17 INFO TalentoTech: Validando que el carrito de compras esté vacío al iniciar sesión
2025-12-10 23:46:27 INFO TalentoTech: Validando que el carrito de compras tenga un producto después de agregar un ítem
2025-12-10 23:47:08 INFO TalentoTech: completando con los datos de usario
2025-12-10 23:47:09 INFO TalentoTech: Verificando que el login fue exitoso
2025-12-10 23:47:09 INFO TalentoTech: El login fue exitoso
2025-12-11 00:09:06 INFO TalentoTech: Validando que el carrito contenga un producto
2025-12-11 00:09:10 INFO TalentoTech: Validando que el producto Sauce Labs Backpack este en el carrito de compras
2025-12-11 00:09:30 INFO TalentoTech: Validando que el producto Sauce Labs Bike Light este en el carrito de compras
2025-12-11 00:09:50 INFO TalentoTech: Validando que el producto Sauce Labs Bolt T-Shirt este en el carrito de compras
2025-12-11 00:10:10 INFO TalentoTech: Validando el titulo de la pagina y la presencia de productos en el inventario
2025-12-11 00:10:10 INFO TalentoTech: Validando que el carrito de compras esté vacío al iniciar sesión
2025-12-11 00:10:21 INFO TalentoTech: Validando que el carrito de compras tenga un producto después de agregar un ítem
2025-12-11 00:11:02 INFO TalentoTech: completando con los datos de usario
2025-12-11 00:11:02 INFO TalentoTech: Verificando que el login fue exitoso
2025-12-11 00:11:02 INFO TalentoTech: El login fue exitoso
2025-12-11 00:11:06 INFO TalentoTech: Validando que el carrito contenga un producto
2025-12-11 00:11:10 INFO TalentoTech: Validando que el producto Sauce Labs Backpack este en el carrito de compras
2025-12-11 00:11:30 INFO TalentoTech: Validando que el producto Sauce Labs Bike Light este en el carrito de compras
2025-12-11 00:11:51 INFO TalentoTech: Validando que el producto Sauce Labs Bolt T-Shirt este en el carrito de compras
2025-12-11 00:12:11 INFO TalentoTech: Validando el titulo de la pagina y la presencia de productos en el inventario
2025-12-11 00:12:11 INFO TalentoTech: Validando que el carrito de compras esté vacío al iniciar sesión
2025-12-11 00:12:21 INFO TalentoTech: Validando que el carrito de compras tenga un producto después de agregar un ítem
2025-12-11 00:13:02 INFO TalentoTech: completando con los datos de usario
2025-12-11 00:13:03 INFO TalentoTech: Verificando que el login fue exitoso
2025-12-11 00:13:03 INFO TalentoTech: El login fue exitoso
2025-12-12 11:24:37 INFO TalentoTech: Validando que el carrito contenga un producto
2025-12-12 11:24:41 INFO TalentoTech: Validando que el producto Sauce Labs Backpack este en el carrito de compras
2025-12-12 11:25:02 INFO TalentoTech: Validando que el producto Sauce Labs Bike Light este en el carrito de compras
2025-12-12 11:25:23 INFO TalentoTech: Validando que el producto Sauce Labs Bolt T-Shirt este en el carrito de compras
2025-12-12 11:25:43 INFO TalentoTech: Validando el titulo de la pagina y la presencia de productos en el inventario
2025-12-12 11:25:43 INFO TalentoTech: Validando que el carrito de compras esté vacío al iniciar sesión
2025-12-12 11:25:53 INFO TalentoTech: Validando que el carrito de compras tenga un producto después de agregar un ítem
2025-12-12 11:26:37 INFO TalentoTech: completando con los datos de usario
2025-12-12 11:26:38 INFO TalentoTech: Verificando que el login fue exitoso
2025-12-12 11:26:38 INFO TalentoTech: El login fue exitoso
2025-12-12 11:26:42 INFO TalentoTech: Validando que el carrito contenga un producto
2025-12-12 11:26:46 INFO TalentoTech: Validando que el producto Sauce Labs Backpack este en el carrito de compras
2025-12-12 11:27:06 INFO TalentoTech: Validando que el producto Sauce Labs Bike Light este en el carrito de compras
2025-12-12 11:27:27 INFO TalentoTech: Validando que el producto Sauce Labs Bolt T-Shirt este en el carrito de compras
2025-12-12 11:27:47 INFO TalentoTech: Validando el titulo de la pagina y la presencia de productos en el inventario
2025-12-12 11:27:47 INFO TalentoTech: Validando que el carrito de compras esté vacío al iniciar sesión
2025-12-12 11:27:57 INFO TalentoTech: Validando que el carrito de compras tenga un producto después de agregar un ítem
2025-12-12 11:28:39 INFO TalentoTech: completando con los datos de usario
2025-12-12 11:28:39 INFO TalentoTech: Verificando que el login fue exitoso
2025-12-12 11:28:39 INFO TalentoTech: El login fue exitoso
2025-12-12 11:33:07 INFO TalentoTech: Validando que el carrito contenga un producto
2025-12-12 11:33:12 INFO TalentoTech: Validando que el producto Sauce Labs Backpack este en el carrito de compras
2025-12-12 11:33:32 INFO TalentoTech: Validando que el producto Sauce Labs Bike Light este en el carrito de compras
2025-12-12 11:33:52 INFO TalentoTech: Validando que el producto Sauce Labs Bolt T-Shirt este en el carrito de compras
2025-12-12 11:34:13 INFO TalentoTech: Validando el titulo de la pagina y la presencia de productos en el inventario
2025-12-12 11:34:13 INFO TalentoTech: Validando que el carrito de compras esté vacío al iniciar sesión
2025-12-12 11:34:23 INFO TalentoTech: Validando que el carrito de compras tenga un producto después de agregar un ítem
2025-12-12 11:34:43 INFO TalentoTech: Validando que el carrito contenga un producto
2025-12-12 11:39:32 INFO TalentoTech: completando con los datos de usario
2025-12-12 11:39:32 INFO TalentoTech: Verificando que el login fue exitoso
2025-12-12 11:39:32 INFO TalentoTech: El login fue exitoso
2025-12-12 11:39:36 INFO TalentoTech: Validando el titulo de la pagina y la presencia de productos en el inventario
2025-12-12 11:39:36 INFO TalentoTech: Validando que el carrito de compras esté vacío al iniciar sesión
2025-12-12 11:39:46 INFO TalentoTech: Validando que el carrito de compras tenga un producto después de agregar un ítem
2025-12-12 11:40:06 INFO TalentoTech: Validando que el carrito contenga un producto
2025-12-12 11:40:10 INFO TalentoTech: Validando que el producto Sauce Labs Backpack este en el carrito de compras
2025-12-12 11:40:31 INFO TalentoTech: Validando que el producto Sauce Labs Bike Light este en el carrito de compras
2025-12-12 11:40:51 INFO TalentoTech: Validando que el producto Sauce Labs Bolt T-Shirt este en el carrito de compras
2025-12-12 11:53:36 INFO TalentoTech: Validando que el carrito contenga un producto
2025-12-12 11:53:40 INFO TalentoTech: Validando que el producto Sauce Labs Backpack este en el carrito de compras
2025-12-12 11:54:00 INFO TalentoTech: Validando que el producto Sauce Labs Bike Light este en el carrito de compras
2025-12-12 11:54:20 INFO TalentoTech: Validando que el producto Sauce Labs Bolt T-Shirt este en el carrito de compras
2025-12-12 11:54:40 INFO TalentoTech: Validando el titulo de la pagina y la presencia de productos en el inventario
2025-12-12 11:54:40 INFO TalentoTech: Validando que el carrito de compras esté vacío al iniciar sesión
2025-12-12 11:54:51 INFO TalentoTech: Validando que el carrito de compras tenga un producto después de agregar un ítem
2025-12-12 11:55:32 INFO TalentoTech: completando con los datos de usario
2025-12-12 11:55:32 INFO TalentoTech: Verificando que el login fue exitoso
2025-12-12 11:55:32 INFO TalentoTech: El login fue exitoso
2025-12-12 11:55:36 INFO TalentoTech: completando con los datos de usario
2025-12-12 11:55:36 INFO TalentoTech: Verificando que el login fue exitoso
2025-12-12 11:55:36 INFO TalentoTech: El login fue exitoso
2025-12-12 11:55:40 INFO TalentoTech: Validando el titulo de la pagina y la presencia de productos en el inventario
2025-12-12 11:55:40 INFO TalentoTech: Validando que el carrito de compras esté vacío al iniciar sesión
2025-12-12 11:55:51 INFO TalentoTech: Validando que el carrito de compras tenga un producto después de agregar un ítem
2025-12-12 11:56:11 INFO TalentoTech: Validando que el carrito contenga un producto
2025-12-12 11:56:16 INFO TalentoTech: Validando que el producto Sauce Labs Backpack este en el carrito de compras
2025-12-12 11:57:36 INFO TalentoTech: Validando que el carrito contenga un producto
2025-12-12 11:57:40 INFO TalentoTech: Validando que el producto Sauce Labs Backpack este en el carrito de compras
2025-12-12 11:58:00 INFO TalentoTech: Validando que el producto Sauce Labs Bike Light este en el carrito de compras
2025-12-12 11:58:21 INFO TalentoTech: Validando que el producto Sauce Labs Bolt T-Shirt este en el carrito de compras
2025-12-12 11:58:41 INFO TalentoTech: Validando el titulo de la pagina y la presencia de productos en el inventario
2025-12-12 11:58:41 INFO TalentoTech: Validando que el carrito de compras esté vacío al iniciar sesión
2025-12-12 11:58:51 INFO TalentoTech: Validando que el carrito de compras tenga un producto después de agregar un ítem
2025-12-12 11:59:33 INFO TalentoTech: completando con los datos de usario
2025-12-12 11:59:33 INFO TalentoTech: Verificando que el login fue exitoso
2025-12-12 11:59:33 INFO TalentoTech: El login fue exitoso
2025-12-12 11:59:38 INFO TalentoTech: Validando que el carrito contenga un producto
2025-12-12 11:59:42 INFO TalentoTech: Validando que el producto Sauce Labs Backpack este en el carrito de compras
2025-12-12 12:00:02 INFO TalentoTech: Validando que el producto Sauce Labs Bike Light este en el carrito de compras
2025-12-12 12:00:22 INFO TalentoTech: Validando que el producto Sauce Labs Bolt T-Shirt este en el carrito de compras
2025-12-12 12:00:43 INFO TalentoTech: Validando el titulo de la pagina y la presencia de productos en el inventario
2025-12-12 12:00:43 INFO TalentoTech: Validando que el carrito de compras esté vacío al iniciar sesión
2025-12-12 12:00:53 INFO TalentoTech: Validando que el carrito de compras tenga un producto después de agregar un ítem
2025-12-12 12:01:34 INFO TalentoTech: completando con los datos de usario
2025-12-12 12:01:35 INFO TalentoTech: Verificando que el login fue exitoso
2025-12-12 12:01:35 INFO TalentoTech: El login fue exitoso
2025-12-12 12:05:53 INFO TalentoTech: Validando que el carrito contenga un producto
2025-12-12 12:05:57 INFO TalentoTech: Validando que el producto Sauce Labs Backpack este en el carrito de compras
2025-12-12 12:06:18 INFO TalentoTech: Validando que el producto Sauce Labs Bike Light este en el carrito de compras
2025-12-12 12:06:38 INFO TalentoTech: Validando que el producto Sauce Labs Bolt T-Shirt este en el carrito de compras
2025-12-12 12:06:58 INFO TalentoTech: Validando el titulo de la pagina y la presencia de productos en el inventario
2025-12-12 12:06:58 INFO TalentoTech: Validando que el carrito de compras esté vacío al iniciar sesión
2025-12-12 12:07:08 INFO TalentoTech: Validando que el carrito de compras tenga un producto después de agregar un ítem
2025-12-12 12:07:50 INFO TalentoTech: completando con los datos de usario
2025-12-12 12:07:50 INFO TalentoTech: Verificando que el login fue exitoso
2025-12-12 12:07:50 INFO TalentoTech: El login fue exitoso
